[debug] [2026-04-24T01:22:13.284Z] ----------------------------------------------------------------------
[debug] [2026-04-24T01:22:13.287Z] Command:       C:\Program Files\nodejs\node.exe C:\Users\lapto\AppData\Roaming\npm\node_modules\firebase-tools\lib\bin\firebase.js emulators:start --only storage
[debug] [2026-04-24T01:22:13.287Z] CLI Version:   15.15.0
[debug] [2026-04-24T01:22:13.287Z] Platform:      win32
[debug] [2026-04-24T01:22:13.287Z] Node Version:  v24.13.0
[debug] [2026-04-24T01:22:13.287Z] Time:          Thu Apr 23 2026 21:22:13 GMT-0400 (hora de Bolivia)
[debug] [2026-04-24T01:22:13.287Z] ----------------------------------------------------------------------
[debug] 
[debug] [2026-04-24T01:22:14.919Z] > command requires scopes: ["email","openid","https://www.googleapis.com/auth/cloudplatformprojects.readonly","https://www.googleapis.com/auth/firebase","https://www.googleapis.com/auth/cloud-platform"]
[debug] [2026-04-24T01:22:14.919Z] > authorizing via signed-in user (fundacionvidaplenaprod@gmail.com)
[debug] [2026-04-24T01:22:14.976Z] openjdk version "25.0.2" 2026-01-20 LTS

[debug] [2026-04-24T01:22:14.977Z] OpenJDK Runtime Environment Temurin-25.0.2+10 (build 25.0.2+10-LTS)
OpenJDK 64-Bit Server VM Temurin-25.0.2+10 (build 25.0.2+10-LTS, mixed mode, sharing)

[debug] [2026-04-24T01:22:14.985Z] Parsed Java major version: 25
[info] i  emulators: Starting emulators: storage {"metadata":{"emulator":{"name":"hub"},"message":"Starting emulators: storage"}}
[debug] [2026-04-24T01:22:14.999Z] [logging] Logging Emulator only supports listening on one address (127.0.0.1). Not listening on ::1
[debug] [2026-04-24T01:22:14.999Z] [storage] Storage Emulator only supports listening on one address (127.0.0.1). Not listening on ::1
[debug] [2026-04-24T01:22:14.999Z] assigned listening specs for emulators {"user":{"hub":[{"address":"127.0.0.1","family":"IPv4","port":4400},{"address":"::1","family":"IPv6","port":4400}],"ui":[{"address":"127.0.0.1","family":"IPv4","port":4000},{"address":"::1","family":"IPv6","port":4000}],"logging":[{"address":"127.0.0.1","family":"IPv4","port":4500}],"storage":[{"address":"127.0.0.1","family":"IPv4","port":9199}]},"metadata":{"message":"assigned listening specs for emulators"}}
[debug] [2026-04-24T01:22:15.003Z] Write emulator hub locator at C:\Users\lapto\AppData\Local\Temp\hub-vidaplenastorage.json
[debug] [2026-04-24T01:22:15.012Z] Ignoring unsupported arg: port {"metadata":{"emulator":{"name":"storage"},"message":"Ignoring unsupported arg: port"}}
[warn] !  Unexpected rules runtime error: WARNING: A terminally deprecated method in sun.misc.Unsafe has been called
WARNING: sun.misc.Unsafe::arrayBaseOffset has been called by com.google.protobuf.UnsafeUtil$MemoryAccessor (file:/C:/Users/lapto/.cache/firebase/emulators/cloud-storage-rules-runtime-v1.1.3.jar)
WARNING: Please consider reporting this to the maintainers of class com.google.protobuf.UnsafeUtil$MemoryAccessor
WARNING: sun.misc.Unsafe::arrayBaseOffset will be removed in a future release
 {"metadata":{"emulator":{"name":"storage"},"message":"Unexpected rules runtime error: WARNING: A terminally deprecated method in sun.misc.Unsafe has been called\nWARNING: sun.misc.Unsafe::arrayBaseOffset has been called by com.google.protobuf.UnsafeUtil$MemoryAccessor (file:/C:/Users/lapto/.cache/firebase/emulators/cloud-storage-rules-runtime-v1.1.3.jar)\nWARNING: Please consider reporting this to the maintainers of class com.google.protobuf.UnsafeUtil$MemoryAccessor\nWARNING: sun.misc.Unsafe::arrayBaseOffset will be removed in a future release\r\n"}}
[debug] [2026-04-24T01:22:15.904Z] Temp file directory for storage emulator: C:\Users\lapto\AppData\Local\Temp/firebase/storage/blobs {"metadata":{"emulator":{"name":"storage"},"message":"Temp file directory for storage emulator: C:\\Users\\lapto\\AppData\\Local\\Temp/firebase/storage/blobs"}}
[info] i  ui: downloading ui-v1.15.0.zip... {"metadata":{"emulator":{"name":"ui"},"message":"downloading ui-v1.15.0.zip..."}}
[debug] [2026-04-24T01:22:15.915Z] >>> [apiv2][query] GET https://storage.googleapis.com/firebase-preview-drop/emulator/ui-v1.15.0.zip 
[debug] [2026-04-24T01:22:16.775Z] <<< [apiv2][status] GET https://storage.googleapis.com/firebase-preview-drop/emulator/ui-v1.15.0.zip 200
[debug] [2026-04-24T01:22:16.775Z] <<< [apiv2][body] GET https://storage.googleapis.com/firebase-preview-drop/emulator/ui-v1.15.0.zip [stream]
[debug] [2026-04-24T01:22:17.476Z] Data is 3538469
[debug] [2026-04-24T01:22:17.476Z] [unzip] Entry: client/ (compressed_size=0 bytes, uncompressed_size=0 bytes)
[debug] [2026-04-24T01:22:17.476Z] [unzip] Processing entry: client\
[debug] [2026-04-24T01:22:17.476Z] [unzip] mkdir: C:\Users\lapto\.cache\firebase\emulators\ui-v1.15.0\client\
[debug] [2026-04-24T01:22:17.477Z] [unzip] Entry: client/favicon-16x16.png (compressed_size=293 bytes, uncompressed_size=293 bytes)
[debug] [2026-04-24T01:22:17.478Z] [unzip] Processing entry: client\favicon-16x16.png
[debug] [2026-04-24T01:22:17.478Z] [unzip] else mkdir: C:\Users\lapto\.cache\firebase\emulators\ui-v1.15.0\client
[debug] [2026-04-24T01:22:17.478Z] [unzip] Writing file: C:\Users\lapto\.cache\firebase\emulators\ui-v1.15.0\client\favicon-16x16.png
[debug] [2026-04-24T01:22:17.479Z] [unzip] Entry: client/safari-pinned-tab.svg (compressed_size=1433 bytes, uncompressed_size=2611 bytes)
[debug] [2026-04-24T01:22:17.479Z] [unzip] Processing entry: client\safari-pinned-tab.svg
[debug] [2026-04-24T01:22:17.479Z] [unzip] else mkdir: C:\Users\lapto\.cache\firebase\emulators\ui-v1.15.0\client
[debug] [2026-04-24T01:22:17.479Z] [unzip] deflating: C:\Users\lapto\.cache\firebase\emulators\ui-v1.15.0\client\safari-pinned-tab.svg
[debug] [2026-04-24T01:22:17.484Z] [unzip] Entry: client/favicon.ico (compressed_size=2933 bytes, uncompressed_size=13294 bytes)
[debug] [2026-04-24T01:22:17.484Z] [unzip] Processing entry: client\favicon.ico
[debug] [2026-04-24T01:22:17.484Z] [unzip] else mkdir: C:\Users\lapto\.cache\firebase\emulators\ui-v1.15.0\client
[debug] [2026-04-24T01:22:17.485Z] [unzip] deflating: C:\Users\lapto\.cache\firebase\emulators\ui-v1.15.0\client\favicon.ico
[debug] [2026-04-24T01:22:17.486Z] [unzip] Entry: client/index.html (compressed_size=1364 bytes, uncompressed_size=3071 bytes)
[debug] [2026-04-24T01:22:17.486Z] [unzip] Processing entry: client\index.html
[debug] [2026-04-24T01:22:17.486Z] [unzip] else mkdir: C:\Users\lapto\.cache\firebase\emulators\ui-v1.15.0\client
[debug] [2026-04-24T01:22:17.486Z] [unzip] deflating: C:\Users\lapto\.cache\firebase\emulators\ui-v1.15.0\client\index.html
[debug] [2026-04-24T01:22:17.488Z] [unzip] Entry: client/android-chrome-192x192.png (compressed_size=2684 bytes, uncompressed_size=2684 bytes)
[debug] [2026-04-24T01:22:17.488Z] [unzip] Processing entry: client\android-chrome-192x192.png
[debug] [2026-04-24T01:22:17.488Z] [unzip] else mkdir: C:\Users\lapto\.cache\firebase\emulators\ui-v1.15.0\client
[debug] [2026-04-24T01:22:17.488Z] [unzip] Writing file: C:\Users\lapto\.cache\firebase\emulators\ui-v1.15.0\client\android-chrome-192x192.png
[debug] [2026-04-24T01:22:17.489Z] [unzip] Entry: client/apple-touch-icon.png (compressed_size=2123 bytes, uncompressed_size=2152 bytes)
[debug] [2026-04-24T01:22:17.489Z] [unzip] Processing entry: client\apple-touch-icon.png
[debug] [2026-04-24T01:22:17.489Z] [unzip] else mkdir: C:\Users\lapto\.cache\firebase\emulators\ui-v1.15.0\client
[debug] [2026-04-24T01:22:17.490Z] [unzip] deflating: C:\Users\lapto\.cache\firebase\emulators\ui-v1.15.0\client\apple-touch-icon.png
[debug] [2026-04-24T01:22:17.491Z] [unzip] Entry: client/android-chrome-512x512.png (compressed_size=5369 bytes, uncompressed_size=5411 bytes)
[debug] [2026-04-24T01:22:17.491Z] [unzip] Processing entry: client\android-chrome-512x512.png
[debug] [2026-04-24T01:22:17.491Z] [unzip] else mkdir: C:\Users\lapto\.cache\firebase\emulators\ui-v1.15.0\client
[debug] [2026-04-24T01:22:17.491Z] [unzip] deflating: C:\Users\lapto\.cache\firebase\emulators\ui-v1.15.0\client\android-chrome-512x512.png
[debug] [2026-04-24T01:22:17.492Z] [unzip] Entry: client/manifest.json (compressed_size=245 bytes, uncompressed_size=551 bytes)
[debug] [2026-04-24T01:22:17.492Z] [unzip] Processing entry: client\manifest.json
[debug] [2026-04-24T01:22:17.492Z] [unzip] else mkdir: C:\Users\lapto\.cache\firebase\emulators\ui-v1.15.0\client
[debug] [2026-04-24T01:22:17.493Z] [unzip] deflating: C:\Users\lapto\.cache\firebase\emulators\ui-v1.15.0\client\manifest.json
[debug] [2026-04-24T01:22:17.493Z] [unzip] Entry: client/robots.txt (compressed_size=26 bytes, uncompressed_size=26 bytes)
[debug] [2026-04-24T01:22:17.494Z] [unzip] Processing entry: client\robots.txt
[debug] [2026-04-24T01:22:17.494Z] [unzip] else mkdir: C:\Users\lapto\.cache\firebase\emulators\ui-v1.15.0\client
[debug] [2026-04-24T01:22:17.494Z] [unzip] Writing file: C:\Users\lapto\.cache\firebase\emulators\ui-v1.15.0\client\robots.txt
[debug] [2026-04-24T01:22:17.495Z] [unzip] Entry: client/mstile-150x150.png (compressed_size=2034 bytes, uncompressed_size=2034 bytes)
[debug] [2026-04-24T01:22:17.495Z] [unzip] Processing entry: client\mstile-150x150.png
[debug] [2026-04-24T01:22:17.495Z] [unzip] else mkdir: C:\Users\lapto\.cache\firebase\emulators\ui-v1.15.0\client
[debug] [2026-04-24T01:22:17.495Z] [unzip] Writing file: C:\Users\lapto\.cache\firebase\emulators\ui-v1.15.0\client\mstile-150x150.png
[debug] [2026-04-24T01:22:17.496Z] [unzip] Entry: client/assets/ (compressed_size=0 bytes, uncompressed_size=0 bytes)
[debug] [2026-04-24T01:22:17.496Z] [unzip] Processing entry: client\assets\
[debug] [2026-04-24T01:22:17.496Z] [unzip] mkdir: C:\Users\lapto\.cache\firebase\emulators\ui-v1.15.0\client\assets\
[debug] [2026-04-24T01:22:17.496Z] [unzip] Entry: client/assets/index-BX-A56oj.js (compressed_size=582089 bytes, uncompressed_size=2092775 bytes)
[debug] [2026-04-24T01:22:17.496Z] [unzip] Processing entry: client\assets\index-BX-A56oj.js
[debug] [2026-04-24T01:22:17.496Z] [unzip] else mkdir: C:\Users\lapto\.cache\firebase\emulators\ui-v1.15.0\client\assets
[debug] [2026-04-24T01:22:17.497Z] [unzip] deflating: C:\Users\lapto\.cache\firebase\emulators\ui-v1.15.0\client\assets\index-BX-A56oj.js
[debug] [2026-04-24T01:22:17.507Z] [unzip] Entry: client/assets/index-CjB9C900.css (compressed_size=35979 bytes, uncompressed_size=298654 bytes)
[debug] [2026-04-24T01:22:17.507Z] [unzip] Processing entry: client\assets\index-CjB9C900.css
[debug] [2026-04-24T01:22:17.507Z] [unzip] else mkdir: C:\Users\lapto\.cache\firebase\emulators\ui-v1.15.0\client\assets
[debug] [2026-04-24T01:22:17.508Z] [unzip] deflating: C:\Users\lapto\.cache\firebase\emulators\ui-v1.15.0\client\assets\index-CjB9C900.css
[debug] [2026-04-24T01:22:17.510Z] [unzip] Entry: client/assets/index-BX-A56oj.js.map (compressed_size=2362482 bytes, uncompressed_size=10036679 bytes)
[debug] [2026-04-24T01:22:17.510Z] [unzip] Processing entry: client\assets\index-BX-A56oj.js.map
[debug] [2026-04-24T01:22:17.510Z] [unzip] else mkdir: C:\Users\lapto\.cache\firebase\emulators\ui-v1.15.0\client\assets
[debug] [2026-04-24T01:22:17.510Z] [unzip] deflating: C:\Users\lapto\.cache\firebase\emulators\ui-v1.15.0\client\assets\index-BX-A56oj.js.map
[debug] [2026-04-24T01:22:17.551Z] [unzip] Entry: client/assets/extensions/ (compressed_size=0 bytes, uncompressed_size=0 bytes)
[debug] [2026-04-24T01:22:17.551Z] [unzip] Processing entry: client\assets\extensions\
[debug] [2026-04-24T01:22:17.551Z] [unzip] mkdir: C:\Users\lapto\.cache\firebase\emulators\ui-v1.15.0\client\assets\extensions\
[debug] [2026-04-24T01:22:17.552Z] [unzip] Entry: client/assets/extensions/default-extension.png (compressed_size=1646 bytes, uncompressed_size=1657 bytes)
[debug] [2026-04-24T01:22:17.552Z] [unzip] Processing entry: client\assets\extensions\default-extension.png
[debug] [2026-04-24T01:22:17.552Z] [unzip] else mkdir: C:\Users\lapto\.cache\firebase\emulators\ui-v1.15.0\client\assets\extensions
[debug] [2026-04-24T01:22:17.552Z] [unzip] deflating: C:\Users\lapto\.cache\firebase\emulators\ui-v1.15.0\client\assets\extensions\default-extension.png
[debug] [2026-04-24T01:22:17.553Z] [unzip] Entry: client/assets/img/ (compressed_size=0 bytes, uncompressed_size=0 bytes)
[debug] [2026-04-24T01:22:17.553Z] [unzip] Processing entry: client\assets\img\
[debug] [2026-04-24T01:22:17.553Z] [unzip] mkdir: C:\Users\lapto\.cache\firebase\emulators\ui-v1.15.0\client\assets\img\
[debug] [2026-04-24T01:22:17.554Z] [unzip] Entry: client/assets/img/database.png (compressed_size=29449 bytes, uncompressed_size=29988 bytes)
[debug] [2026-04-24T01:22:17.554Z] [unzip] Processing entry: client\assets\img\database.png
[debug] [2026-04-24T01:22:17.554Z] [unzip] else mkdir: C:\Users\lapto\.cache\firebase\emulators\ui-v1.15.0\client\assets\img
[debug] [2026-04-24T01:22:17.554Z] [unzip] deflating: C:\Users\lapto\.cache\firebase\emulators\ui-v1.15.0\client\assets\img\database.png
[debug] [2026-04-24T01:22:17.555Z] [unzip] Entry: client/assets/provider-icons/ (compressed_size=0 bytes, uncompressed_size=0 bytes)
[debug] [2026-04-24T01:22:17.555Z] [unzip] Processing entry: client\assets\provider-icons\
[debug] [2026-04-24T01:22:17.556Z] [unzip] mkdir: C:\Users\lapto\.cache\firebase\emulators\ui-v1.15.0\client\assets\provider-icons\
[debug] [2026-04-24T01:22:17.556Z] [unzip] Entry: client/assets/provider-icons/auth_service_saml.svg (compressed_size=575 bytes, uncompressed_size=1226 bytes)
[debug] [2026-04-24T01:22:17.556Z] [unzip] Processing entry: client\assets\provider-icons\auth_service_saml.svg
[debug] [2026-04-24T01:22:17.556Z] [unzip] else mkdir: C:\Users\lapto\.cache\firebase\emulators\ui-v1.15.0\client\assets\provider-icons
[debug] [2026-04-24T01:22:17.556Z] [unzip] deflating: C:\Users\lapto\.cache\firebase\emulators\ui-v1.15.0\client\assets\provider-icons\auth_service_saml.svg
[debug] [2026-04-24T01:22:17.557Z] [unzip] Entry: client/assets/provider-icons/auth_service_phone.svg (compressed_size=261 bytes, uncompressed_size=414 bytes)
[debug] [2026-04-24T01:22:17.557Z] [unzip] Processing entry: client\assets\provider-icons\auth_service_phone.svg
[debug] [2026-04-24T01:22:17.557Z] [unzip] else mkdir: C:\Users\lapto\.cache\firebase\emulators\ui-v1.15.0\client\assets\provider-icons
[debug] [2026-04-24T01:22:17.562Z] [unzip] deflating: C:\Users\lapto\.cache\firebase\emulators\ui-v1.15.0\client\assets\provider-icons\auth_service_phone.svg
[debug] [2026-04-24T01:22:17.564Z] [unzip] Entry: client/assets/provider-icons/auth_service_facebook.svg (compressed_size=289 bytes, uncompressed_size=457 bytes)
[debug] [2026-04-24T01:22:17.564Z] [unzip] Processing entry: client\assets\provider-icons\auth_service_facebook.svg
[debug] [2026-04-24T01:22:17.564Z] [unzip] else mkdir: C:\Users\lapto\.cache\firebase\emulators\ui-v1.15.0\client\assets\provider-icons
[debug] [2026-04-24T01:22:17.564Z] [unzip] deflating: C:\Users\lapto\.cache\firebase\emulators\ui-v1.15.0\client\assets\provider-icons\auth_service_facebook.svg
[debug] [2026-04-24T01:22:17.565Z] [unzip] Entry: client/assets/provider-icons/auth_service_game_center.svg (compressed_size=991 bytes, uncompressed_size=3921 bytes)
[debug] [2026-04-24T01:22:17.565Z] [unzip] Processing entry: client\assets\provider-icons\auth_service_game_center.svg
[debug] [2026-04-24T01:22:17.566Z] [unzip] else mkdir: C:\Users\lapto\.cache\firebase\emulators\ui-v1.15.0\client\assets\provider-icons
[debug] [2026-04-24T01:22:17.566Z] [unzip] deflating: C:\Users\lapto\.cache\firebase\emulators\ui-v1.15.0\client\assets\provider-icons\auth_service_game_center.svg
[debug] [2026-04-24T01:22:17.567Z] [unzip] Entry: client/assets/provider-icons/auth_service_apple.svg (compressed_size=230 bytes, uncompressed_size=334 bytes)
[debug] [2026-04-24T01:22:17.567Z] [unzip] Processing entry: client\assets\provider-icons\auth_service_apple.svg
[debug] [2026-04-24T01:22:17.567Z] [unzip] else mkdir: C:\Users\lapto\.cache\firebase\emulators\ui-v1.15.0\client\assets\provider-icons
[debug] [2026-04-24T01:22:17.567Z] [unzip] deflating: C:\Users\lapto\.cache\firebase\emulators\ui-v1.15.0\client\assets\provider-icons\auth_service_apple.svg
[debug] [2026-04-24T01:22:17.568Z] [unzip] Entry: client/assets/provider-icons/auth_service_github.svg (compressed_size=466 bytes, uncompressed_size=838 bytes)
[debug] [2026-04-24T01:22:17.568Z] [unzip] Processing entry: client\assets\provider-icons\auth_service_github.svg
[debug] [2026-04-24T01:22:17.568Z] [unzip] else mkdir: C:\Users\lapto\.cache\firebase\emulators\ui-v1.15.0\client\assets\provider-icons
[debug] [2026-04-24T01:22:17.569Z] [unzip] deflating: C:\Users\lapto\.cache\firebase\emulators\ui-v1.15.0\client\assets\provider-icons\auth_service_github.svg
[debug] [2026-04-24T01:22:17.570Z] [unzip] Entry: client/assets/provider-icons/auth_service_mslive.svg (compressed_size=203 bytes, uncompressed_size=378 bytes)
[debug] [2026-04-24T01:22:17.570Z] [unzip] Processing entry: client\assets\provider-icons\auth_service_mslive.svg
[debug] [2026-04-24T01:22:17.570Z] [unzip] else mkdir: C:\Users\lapto\.cache\firebase\emulators\ui-v1.15.0\client\assets\provider-icons
[debug] [2026-04-24T01:22:17.570Z] [unzip] deflating: C:\Users\lapto\.cache\firebase\emulators\ui-v1.15.0\client\assets\provider-icons\auth_service_mslive.svg
[debug] [2026-04-24T01:22:17.571Z] [unzip] Entry: client/assets/provider-icons/auth_service_yahoo.svg (compressed_size=577 bytes, uncompressed_size=1182 bytes)
[debug] [2026-04-24T01:22:17.571Z] [unzip] Processing entry: client\assets\provider-icons\auth_service_yahoo.svg
[debug] [2026-04-24T01:22:17.571Z] [unzip] else mkdir: C:\Users\lapto\.cache\firebase\emulators\ui-v1.15.0\client\assets\provider-icons
[debug] [2026-04-24T01:22:17.572Z] [unzip] deflating: C:\Users\lapto\.cache\firebase\emulators\ui-v1.15.0\client\assets\provider-icons\auth_service_yahoo.svg
[debug] [2026-04-24T01:22:17.577Z] [unzip] Entry: client/assets/provider-icons/auth_service_twitter.svg (compressed_size=444 bytes, uncompressed_size=751 bytes)
[debug] [2026-04-24T01:22:17.578Z] [unzip] Processing entry: client\assets\provider-icons\auth_service_twitter.svg
[debug] [2026-04-24T01:22:17.578Z] [unzip] else mkdir: C:\Users\lapto\.cache\firebase\emulators\ui-v1.15.0\client\assets\provider-icons
[debug] [2026-04-24T01:22:17.578Z] [unzip] deflating: C:\Users\lapto\.cache\firebase\emulators\ui-v1.15.0\client\assets\provider-icons\auth_service_twitter.svg
[debug] [2026-04-24T01:22:17.580Z] [unzip] Entry: client/assets/provider-icons/auth_service_play_games.svg (compressed_size=565 bytes, uncompressed_size=1173 bytes)
[debug] [2026-04-24T01:22:17.580Z] [unzip] Processing entry: client\assets\provider-icons\auth_service_play_games.svg
[debug] [2026-04-24T01:22:17.580Z] [unzip] else mkdir: C:\Users\lapto\.cache\firebase\emulators\ui-v1.15.0\client\assets\provider-icons
[debug] [2026-04-24T01:22:17.580Z] [unzip] deflating: C:\Users\lapto\.cache\firebase\emulators\ui-v1.15.0\client\assets\provider-icons\auth_service_play_games.svg
[debug] [2026-04-24T01:22:17.581Z] [unzip] Entry: client/assets/provider-icons/auth_service_email.svg (compressed_size=228 bytes, uncompressed_size=326 bytes)
[debug] [2026-04-24T01:22:17.581Z] [unzip] Processing entry: client\assets\provider-icons\auth_service_email.svg
[debug] [2026-04-24T01:22:17.581Z] [unzip] else mkdir: C:\Users\lapto\.cache\firebase\emulators\ui-v1.15.0\client\assets\provider-icons
[debug] [2026-04-24T01:22:17.581Z] [unzip] deflating: C:\Users\lapto\.cache\firebase\emulators\ui-v1.15.0\client\assets\provider-icons\auth_service_email.svg
[debug] [2026-04-24T01:22:17.582Z] [unzip] Entry: client/assets/provider-icons/auth_service_google.svg (compressed_size=409 bytes, uncompressed_size=720 bytes)
[debug] [2026-04-24T01:22:17.582Z] [unzip] Processing entry: client\assets\provider-icons\auth_service_google.svg
[debug] [2026-04-24T01:22:17.582Z] [unzip] else mkdir: C:\Users\lapto\.cache\firebase\emulators\ui-v1.15.0\client\assets\provider-icons
[debug] [2026-04-24T01:22:17.583Z] [unzip] deflating: C:\Users\lapto\.cache\firebase\emulators\ui-v1.15.0\client\assets\provider-icons\auth_service_google.svg
[debug] [2026-04-24T01:22:17.583Z] [unzip] Entry: client/assets/provider-icons/auth_service_oidc.svg (compressed_size=414 bytes, uncompressed_size=858 bytes)
[debug] [2026-04-24T01:22:17.584Z] [unzip] Processing entry: client\assets\provider-icons\auth_service_oidc.svg
[debug] [2026-04-24T01:22:17.584Z] [unzip] else mkdir: C:\Users\lapto\.cache\firebase\emulators\ui-v1.15.0\client\assets\provider-icons
[debug] [2026-04-24T01:22:17.584Z] [unzip] deflating: C:\Users\lapto\.cache\firebase\emulators\ui-v1.15.0\client\assets\provider-icons\auth_service_oidc.svg
[debug] [2026-04-24T01:22:17.585Z] [unzip] Entry: client/browserconfig.xml (compressed_size=491 bytes, uncompressed_size=822 bytes)
[debug] [2026-04-24T01:22:17.585Z] [unzip] Processing entry: client\browserconfig.xml
[debug] [2026-04-24T01:22:17.585Z] [unzip] else mkdir: C:\Users\lapto\.cache\firebase\emulators\ui-v1.15.0\client
[debug] [2026-04-24T01:22:17.585Z] [unzip] deflating: C:\Users\lapto\.cache\firebase\emulators\ui-v1.15.0\client\browserconfig.xml
[debug] [2026-04-24T01:22:17.586Z] [unzip] Entry: client/favicon-32x32.png (compressed_size=475 bytes, uncompressed_size=475 bytes)
[debug] [2026-04-24T01:22:17.586Z] [unzip] Processing entry: client\favicon-32x32.png
[debug] [2026-04-24T01:22:17.586Z] [unzip] else mkdir: C:\Users\lapto\.cache\firebase\emulators\ui-v1.15.0\client
[debug] [2026-04-24T01:22:17.586Z] [unzip] Writing file: C:\Users\lapto\.cache\firebase\emulators\ui-v1.15.0\client\favicon-32x32.png
[debug] [2026-04-24T01:22:17.587Z] [unzip] Entry: server/ (compressed_size=0 bytes, uncompressed_size=0 bytes)
[debug] [2026-04-24T01:22:17.587Z] [unzip] Processing entry: server\
[debug] [2026-04-24T01:22:17.587Z] [unzip] mkdir: C:\Users\lapto\.cache\firebase\emulators\ui-v1.15.0\server\
[debug] [2026-04-24T01:22:17.587Z] [unzip] Entry: server/server.mjs.map (compressed_size=217845 bytes, uncompressed_size=944978 bytes)
[debug] [2026-04-24T01:22:17.587Z] [unzip] Processing entry: server\server.mjs.map
[debug] [2026-04-24T01:22:17.587Z] [unzip] else mkdir: C:\Users\lapto\.cache\firebase\emulators\ui-v1.15.0\server
[debug] [2026-04-24T01:22:17.587Z] [unzip] deflating: C:\Users\lapto\.cache\firebase\emulators\ui-v1.15.0\server\server.mjs.map
[debug] [2026-04-24T01:22:17.592Z] [unzip] Entry: server/server.mjs (compressed_size=276407 bytes, uncompressed_size=933701 bytes)
[debug] [2026-04-24T01:22:17.592Z] [unzip] Processing entry: server\server.mjs
[debug] [2026-04-24T01:22:17.592Z] [unzip] else mkdir: C:\Users\lapto\.cache\firebase\emulators\ui-v1.15.0\server
[debug] [2026-04-24T01:22:17.593Z] [unzip] deflating: C:\Users\lapto\.cache\firebase\emulators\ui-v1.15.0\server\server.mjs
[debug] [2026-04-24T01:22:17.604Z] Could not find VSCode notification endpoint: FetchError: request to http://localhost:40001/vscode/notify failed, reason: . If you are not running the Firebase SQL Connect VSCode extension, this is expected and not an issue.
[info] 
┌─────────────────────────────────────────────────────────────┐
│ ✔  All emulators ready! It is now safe to connect your app. │
│ i  View Emulator UI at http://127.0.0.1:4000/               │
└─────────────────────────────────────────────────────────────┘

┌──────────┬────────────────┬───────────────────────────────┐
│ Emulator │ Host:Port      │ View in Emulator UI           │
├──────────┼────────────────┼───────────────────────────────┤
│ Storage  │ 127.0.0.1:9199 │ http://127.0.0.1:4000/storage │
└──────────┴────────────────┴───────────────────────────────┘
  Emulator Hub host: 127.0.0.1 port: 4400
  Other reserved ports: 4500

Issues? Report them at https://github.com/firebase/firebase-tools/issues and attach the *-debug.log files.
 
[debug] [2026-04-24T01:32:54.931Z] ----------------------------------------------------------------------
[debug] [2026-04-24T01:32:54.933Z] Command:       C:\Program Files\nodejs\node.exe C:\Users\lapto\AppData\Roaming\npm\node_modules\firebase-tools\lib\bin\firebase.js emulators:start
[debug] [2026-04-24T01:32:54.934Z] CLI Version:   15.15.0
[debug] [2026-04-24T01:32:54.934Z] Platform:      win32
[debug] [2026-04-24T01:32:54.934Z] Node Version:  v24.13.0
[debug] [2026-04-24T01:32:54.934Z] Time:          Thu Apr 23 2026 21:32:54 GMT-0400 (hora de Bolivia)
[debug] [2026-04-24T01:32:54.934Z] ----------------------------------------------------------------------
[debug] 
[debug] [2026-04-24T01:32:56.540Z] > command requires scopes: ["email","openid","https://www.googleapis.com/auth/cloudplatformprojects.readonly","https://www.googleapis.com/auth/firebase","https://www.googleapis.com/auth/cloud-platform"]
[debug] [2026-04-24T01:32:56.541Z] > authorizing via signed-in user (fundacionvidaplenaprod@gmail.com)
[debug] [2026-04-24T01:32:56.596Z] openjdk version "25.0.2" 2026-01-20 LTS

[debug] [2026-04-24T01:32:56.596Z] OpenJDK Runtime Environment Temurin-25.0.2+10 (build 25.0.2+10-LTS)
OpenJDK 64-Bit Server VM Temurin-25.0.2+10 (build 25.0.2+10-LTS, mixed mode, sharing)

[debug] [2026-04-24T01:32:56.605Z] Parsed Java major version: 25
[info] i  emulators: Starting emulators: storage {"metadata":{"emulator":{"name":"hub"},"message":"Starting emulators: storage"}}
[debug] [2026-04-24T01:32:56.627Z] [logging] Logging Emulator only supports listening on one address (127.0.0.1). Not listening on ::1
[debug] [2026-04-24T01:32:56.627Z] [storage] Storage Emulator only supports listening on one address (127.0.0.1). Not listening on ::1
[debug] [2026-04-24T01:32:56.627Z] assigned listening specs for emulators {"user":{"hub":[{"address":"127.0.0.1","family":"IPv4","port":4400},{"address":"::1","family":"IPv6","port":4400}],"ui":[{"address":"127.0.0.1","family":"IPv4","port":4000},{"address":"::1","family":"IPv6","port":4000}],"logging":[{"address":"127.0.0.1","family":"IPv4","port":4500}],"storage":[{"address":"127.0.0.1","family":"IPv4","port":9199}]},"metadata":{"message":"assigned listening specs for emulators"}}
[debug] [2026-04-24T01:32:56.631Z] Found emulator hub locator: {"version":"15.15.0","origins":["http://127.0.0.1:4400","http://[::1]:4400"],"pid":36204}
[debug] [2026-04-24T01:32:56.631Z] Write emulator hub locator at C:\Users\lapto\AppData\Local\Temp\hub-vidaplenastorage.json
[debug] [2026-04-24T01:32:56.639Z] Ignoring unsupported arg: port {"metadata":{"emulator":{"name":"storage"},"message":"Ignoring unsupported arg: port"}}
[warn] !  Unexpected rules runtime error: WARNING: A terminally deprecated method in sun.misc.Unsafe has been called
WARNING: sun.misc.Unsafe::arrayBaseOffset has been called by com.google.protobuf.UnsafeUtil$MemoryAccessor (file:/C:/Users/lapto/.cache/firebase/emulators/cloud-storage-rules-runtime-v1.1.3.jar)
WARNING: Please consider reporting this to the maintainers of class com.google.protobuf.UnsafeUtil$MemoryAccessor
WARNING: sun.misc.Unsafe::arrayBaseOffset will be removed in a future release
 {"metadata":{"emulator":{"name":"storage"},"message":"Unexpected rules runtime error: WARNING: A terminally deprecated method in sun.misc.Unsafe has been called\nWARNING: sun.misc.Unsafe::arrayBaseOffset has been called by com.google.protobuf.UnsafeUtil$MemoryAccessor (file:/C:/Users/lapto/.cache/firebase/emulators/cloud-storage-rules-runtime-v1.1.3.jar)\nWARNING: Please consider reporting this to the maintainers of class com.google.protobuf.UnsafeUtil$MemoryAccessor\nWARNING: sun.misc.Unsafe::arrayBaseOffset will be removed in a future release\r\n"}}
[debug] [2026-04-24T01:32:57.329Z] Temp file directory for storage emulator: C:\Users\lapto\AppData\Local\Temp/firebase/storage/blobs {"metadata":{"emulator":{"name":"storage"},"message":"Temp file directory for storage emulator: C:\\Users\\lapto\\AppData\\Local\\Temp/firebase/storage/blobs"}}
[debug] [2026-04-24T01:32:57.347Z] Could not find VSCode notification endpoint: FetchError: request to http://localhost:40001/vscode/notify failed, reason: . If you are not running the Firebase SQL Connect VSCode extension, this is expected and not an issue.
[info] 
┌─────────────────────────────────────────────────────────────┐
│ ✔  All emulators ready! It is now safe to connect your app. │
│ i  View Emulator UI at http://127.0.0.1:4000/               │
└─────────────────────────────────────────────────────────────┘

┌──────────┬────────────────┬───────────────────────────────┐
│ Emulator │ Host:Port      │ View in Emulator UI           │
├──────────┼────────────────┼───────────────────────────────┤
│ Storage  │ 127.0.0.1:9199 │ http://127.0.0.1:4000/storage │
└──────────┴────────────────┴───────────────────────────────┘
  Emulator Hub host: 127.0.0.1 port: 4400
  Other reserved ports: 4500

Issues? Report them at https://github.com/firebase/firebase-tools/issues and attach the *-debug.log files.
 
[debug] [2026-04-24T01:34:16.638Z] Checked if tokens are valid: false, expires at: 1776926710459
[debug] [2026-04-24T01:34:16.638Z] Checked if tokens are valid: false, expires at: 1776926710459
[debug] [2026-04-24T01:34:16.638Z] > refreshing access token with scopes: []
[debug] [2026-04-24T01:34:16.641Z] >>> [apiv2][query] POST https://www.googleapis.com/oauth2/v3/token [none]
[debug] [2026-04-24T01:34:16.642Z] >>> [apiv2][body] POST https://www.googleapis.com/oauth2/v3/token [omitted]
[debug] [2026-04-24T01:34:16.824Z] <<< [apiv2][status] POST https://www.googleapis.com/oauth2/v3/token 200
[debug] [2026-04-24T01:34:16.824Z] <<< [apiv2][body] POST https://www.googleapis.com/oauth2/v3/token [omitted]
[debug] [2026-04-24T01:34:16.833Z] >>> [apiv2][query] GET https://firebase.googleapis.com/v1beta1/projects/vidaplenastorage/adminSdkConfig [none]
[debug] [2026-04-24T01:34:17.373Z] <<< [apiv2][status] GET https://firebase.googleapis.com/v1beta1/projects/vidaplenastorage/adminSdkConfig 200
[debug] [2026-04-24T01:34:17.374Z] <<< [apiv2][body] GET https://firebase.googleapis.com/v1beta1/projects/vidaplenastorage/adminSdkConfig {"projectId":"vidaplenastorage","storageBucket":"vidaplenastorage.firebasestorage.app"}
